06:04:09 **** Incremental Build of configuration Debug for project stop_watch_Project2 ****
make all 
Building file: ../functions.c
Invoking: AVR Compiler
avr-gcc -Wall -g2 -gstabs -O0 -fpack-struct -fshort-enums -ffunction-sections -fdata-sections -std=gnu99 -funsigned-char -funsigned-bitfields -mmcu=atmega32 -DF_CPU=1000000UL -MMD -MP -MF"functions.d" -MT"functions.o" -c -o "functions.o" "../functions.c"
In file included from ../functions.h:13,
                 from ../functions.c:9:
c:/winavr-20100110/lib/gcc/../../avr/include/util/delay.h:90:3: warning: #warning "Compiler optimizations disabled; functions from <util/delay.h> won't work as designed"
Finished building: ../functions.c
 
Building target: stop_watch_Project2.elf
Invoking: AVR C Linker
avr-gcc -Wl,-Map,stop_watch_Project2.map -mmcu=atmega32 -o "stop_watch_Project2.elf"  ./functions.o ./main.o   
Finished building target: stop_watch_Project2.elf
 
Invoking: AVR Create Extended Listing
avr-objdump -h -S stop_watch_Project2.elf  >"stop_watch_Project2.lss"
Finished building: stop_watch_Project2.lss
 
Create Flash image (ihex format)
avr-objcopy -R .eeprom -R .fuse -R .lock -R .signature -O ihex stop_watch_Project2.elf  "stop_watch_Project2.hex"
Finished building: stop_watch_Project2.hex
 
Invoking: Print Size
avr-size --format=avr --mcu=atmega32 stop_watch_Project2.elf
AVR Memory Usage
----------------
Device: atmega32

Program:    5888 bytes (18.0% Full)
(.text + .data + .bootloader)

Data:         14 bytes (0.7% Full)
(.data + .bss + .noinit)


Finished building: sizedummy
 

06:04:09 Build Finished. 0 errors, 1 warnings. (took 389ms)

